<?xml version="1.0" encoding="UTF-8"?>
<!-- Generated by org.testng.reporters.JUnitReportReporter -->
<testsuite hostname="DESKTOP-G61C56A" failures="0" tests="2" name="learning.framework.standAloneTest2" time="30.182" errors="0" timestamp="2025-05-31T20:27:55 IST" skipped="0">
  <testcase classname="learning.framework.standAloneTest2" name="submitorder" time="13.167"/>
  <testcase classname="learning.framework.standAloneTest2" name="submitorder" time="17.015"/>
</testsuite> <!-- learning.framework.standAloneTest2 -->
