<?xml version="1.0" encoding="UTF-8"?>
<!-- Generated by org.testng.reporters.JUnitReportReporter -->
<testsuite hostname="DESKTOP-G61C56A" failures="0" tests="3" name="learning.framework.errorValidation" time="19.551" errors="0" timestamp="2025-06-10T20:42:02 IST" skipped="0">
  <testcase classname="learning.framework.errorValidation" name="login_1_error" time="8.806"/>
  <testcase classname="learning.framework.errorValidation" name="product_error" time="8.772"/>
  <testcase classname="learning.framework.errorValidation" name="login_2_error" time="1.973"/>
</testsuite> <!-- learning.framework.errorValidation -->
